<?xml version="1.0" encoding="UTF-8" ?>
<testsuite tests="76" failures="0" name="javax.el.TestBeanELResolver" time="0.37" errors="0" skipped="0">
  <properties>
    <property name="idea.version" value="2018.3.6"/>
    <property name="java.runtime.name" value="Java(TM) SE Runtime Environment"/>
    <property name="sun.boot.library.path" value="D:\install\java\jre\bin"/>
    <property name="java.vm.version" value="25.112-b15"/>
    <property name="java.vm.vendor" value="Oracle Corporation"/>
    <property name="maven.multiModuleProjectDirectory" value="D:\software\apache-tomcat-8.5.57-src"/>
    <property name="java.vendor.url" value="http://java.oracle.com/"/>
    <property name="path.separator" value=";"/>
    <property name="guice.disable.misplaced.annotation.check" value="true"/>
    <property name="java.vm.name" value="Java HotSpot(TM) 64-Bit Server VM"/>
    <property name="file.encoding.pkg" value="sun.io"/>
    <property name="user.script" value=""/>
    <property name="user.country" value="CN"/>
    <property name="sun.java.launcher" value="SUN_STANDARD"/>
    <property name="sun.os.patch.level" value=""/>
    <property name="java.vm.specification.name" value="Java Virtual Machine Specification"/>
    <property name="user.dir" value="D:\software\apache-tomcat-8.5.57-src"/>
    <property name="java.runtime.version" value="1.8.0_112-b15"/>
    <property name="java.awt.graphicsenv" value="sun.awt.Win32GraphicsEnvironment"/>
    <property name="java.endorsed.dirs" value="D:\install\java\jre\lib\endorsed"/>
    <property name="os.arch" value="amd64"/>
    <property name="java.io.tmpdir" value="C:\Users\cg101\AppData\Local\Temp\"/>
    <property name="line.separator" value="
"/>
    <property name="java.vm.specification.vendor" value="Oracle Corporation"/>
    <property name="user.variant" value=""/>
    <property name="os.name" value="Windows 10"/>
    <property name="classworlds.conf" value="D:\software\apache-maven-3.6.1\bin\m2.conf"/>
    <property name="sun.jnu.encoding" value="GBK"/>
    <property name="java.library.path" value="D:\install\java\bin;C:\Windows\Sun\Java\bin;C:\Windows\system32;C:\Windows;C:\Windows\system32;C:\Windows;C:\Windows\System32\Wbem;C:\Windows\System32\WindowsPowerShell\v1.0\;C:\Program Files\IDM Computer Solutions\UltraEdit;D:\install\java\bin;D:\install\nodejs;D:\software\apache-maven-3.6.1\bin;D:\software\gradle-5.5\bin;C:\Users\cg101\AppData\Local\Microsoft\WindowsApps;C:\Users\cg101\AppData\Roaming\npm;D:\install\Microsoft VS Code\bin;."/>
    <property name="maven.conf" value="D:\software\apache-maven-3.6.1/conf"/>
    <property name="java.specification.name" value="Java Platform API Specification"/>
    <property name="java.class.version" value="52.0"/>
    <property name="sun.management.compiler" value="HotSpot 64-Bit Tiered Compilers"/>
    <property name="maven.repo.local" value="D:\maven_repository"/>
    <property name="os.version" value="10.0"/>
    <property name="user.home" value="C:\Users\cg101"/>
    <property name="user.timezone" value="Asia/Shanghai"/>
    <property name="java.awt.printerjob" value="sun.awt.windows.WPrinterJob"/>
    <property name="java.specification.version" value="1.8"/>
    <property name="file.encoding" value="UTF-8"/>
    <property name="user.name" value="cg101"/>
    <property name="java.class.path" value="D:\software\apache-maven-3.6.1\boot\plexus-classworlds-2.6.0.jar;D:\install\IntelliJ IDEA 2018.3.6\lib\idea_rt.jar"/>
    <property name="java.vm.specification.version" value="1.8"/>
    <property name="sun.arch.data.model" value="64"/>
    <property name="java.home" value="D:\install\java\jre"/>
    <property name="sun.java.command" value="org.codehaus.classworlds.Launcher -Didea.version=2018.3.6 -s D:\software\apache-maven-3.6.1\conf\settings.xml -Dmaven.repo.local=D:\maven_repository package"/>
    <property name="java.specification.vendor" value="Oracle Corporation"/>
    <property name="user.language" value="zh"/>
    <property name="awt.toolkit" value="sun.awt.windows.WToolkit"/>
    <property name="java.vm.info" value="mixed mode"/>
    <property name="java.version" value="1.8.0_112"/>
    <property name="java.ext.dirs" value="D:\install\java\jre\lib\ext;C:\Windows\Sun\Java\lib\ext"/>
    <property name="sun.boot.class.path" value="D:\install\java\jre\lib\resources.jar;D:\install\java\jre\lib\rt.jar;D:\install\java\jre\lib\sunrsasign.jar;D:\install\java\jre\lib\jsse.jar;D:\install\java\jre\lib\jce.jar;D:\install\java\jre\lib\charsets.jar;D:\install\java\jre\lib\jfr.jar;D:\install\java\jre\classes"/>
    <property name="java.vendor" value="Oracle Corporation"/>
    <property name="maven.home" value="D:\software\apache-maven-3.6.1"/>
    <property name="file.separator" value="\"/>
    <property name="java.vendor.url.bug" value="http://bugreport.sun.com/bugreport/"/>
    <property name="sun.cpu.endian" value="little"/>
    <property name="sun.io.unicode.encoding" value="UnicodeLittle"/>
    <property name="sun.desktop" value="windows"/>
    <property name="sun.cpu.isalist" value="amd64"/>
  </properties>
  <testcase classname="javax.el.TestBeanELResolver" name="testSetValue01" time="0"/>
  <testcase classname="javax.el.TestBeanELResolver" name="testSetValue02" time="0.006"/>
  <testcase classname="javax.el.TestBeanELResolver" name="testSetValue03" time="0.01"/>
  <testcase classname="javax.el.TestBeanELResolver" name="testSetValue04" time="0.063"/>
  <testcase classname="javax.el.TestBeanELResolver" name="testSetValue05" time="0.002"/>
  <testcase classname="javax.el.TestBeanELResolver" name="testSetValue06" time="0"/>
  <testcase classname="javax.el.TestBeanELResolver" name="testSetValue07" time="0.001"/>
  <testcase classname="javax.el.TestBeanELResolver" name="testIsReadOnly01" time="0"/>
  <testcase classname="javax.el.TestBeanELResolver" name="testIsReadOnly02" time="0"/>
  <testcase classname="javax.el.TestBeanELResolver" name="testIsReadOnly03" time="0"/>
  <testcase classname="javax.el.TestBeanELResolver" name="testIsReadOnly04" time="0"/>
  <testcase classname="javax.el.TestBeanELResolver" name="testIsReadOnly05" time="0.001"/>
  <testcase classname="javax.el.TestBeanELResolver" name="testIsReadOnly06" time="0"/>
  <testcase classname="javax.el.TestBeanELResolver" name="testGetFeatureDescriptors01" time="0"/>
  <testcase classname="javax.el.TestBeanELResolver" name="testGetFeatureDescriptors02" time="0"/>
  <testcase classname="javax.el.TestBeanELResolver" name="testBug53421" time="0.185"/>
  <testcase classname="javax.el.TestBeanELResolver" name="testGetValue01" time="0"/>
  <testcase classname="javax.el.TestBeanELResolver" name="testGetValue02" time="0.001"/>
  <testcase classname="javax.el.TestBeanELResolver" name="testGetValue03" time="0"/>
  <testcase classname="javax.el.TestBeanELResolver" name="testGetValue04" time="0"/>
  <testcase classname="javax.el.TestBeanELResolver" name="testGetValue05" time="0"/>
  <testcase classname="javax.el.TestBeanELResolver" name="testGetValue06" time="0.001"/>
  <testcase classname="javax.el.TestBeanELResolver" name="testGetValue07" time="0"/>
  <testcase classname="javax.el.TestBeanELResolver" name="testInvokeVarargs01" time="0.018"/>
  <testcase classname="javax.el.TestBeanELResolver" name="testInvokeVarargs02" time="0.001"/>
  <testcase classname="javax.el.TestBeanELResolver" name="testInvokeVarargs03" time="0"/>
  <testcase classname="javax.el.TestBeanELResolver" name="testInvokeVarargs04" time="0"/>
  <testcase classname="javax.el.TestBeanELResolver" name="testInvokeVarargs05" time="0.009"/>
  <testcase classname="javax.el.TestBeanELResolver" name="testInvokeVarargs06" time="0.001"/>
  <testcase classname="javax.el.TestBeanELResolver" name="testInvokeVarargs07" time="0"/>
  <testcase classname="javax.el.TestBeanELResolver" name="testInvokeVarargs08" time="0.057"/>
  <testcase classname="javax.el.TestBeanELResolver" name="testInvokeVarargs09" time="0"/>
  <testcase classname="javax.el.TestBeanELResolver" name="testInvokeVarargs10" time="0.001"/>
  <testcase classname="javax.el.TestBeanELResolver" name="testInvokeVarargs11" time="0.003"/>
  <testcase classname="javax.el.TestBeanELResolver" name="testInvokeVarargs12" time="0"/>
  <testcase classname="javax.el.TestBeanELResolver" name="testInvokeVarargs13" time="0.001"/>
  <testcase classname="javax.el.TestBeanELResolver" name="testInvokeVarargs14" time="0"/>
  <testcase classname="javax.el.TestBeanELResolver" name="testInvokeVarargs15" time="0.001"/>
  <testcase classname="javax.el.TestBeanELResolver" name="testInvokeVarargs16" time="0.001"/>
  <testcase classname="javax.el.TestBeanELResolver" name="testInvokeVarargs17" time="0"/>
  <testcase classname="javax.el.TestBeanELResolver" name="testInvokeVarargs18" time="0.001"/>
  <testcase classname="javax.el.TestBeanELResolver" name="testInvokeVarargs19" time="0"/>
  <testcase classname="javax.el.TestBeanELResolver" name="testInvokeVarargs20" time="0"/>
  <testcase classname="javax.el.TestBeanELResolver" name="testInvokeVarargs21" time="0"/>
  <testcase classname="javax.el.TestBeanELResolver" name="testInvoke01" time="0"/>
  <testcase classname="javax.el.TestBeanELResolver" name="testInvoke02" time="0"/>
  <testcase classname="javax.el.TestBeanELResolver" name="testInvoke03" time="0"/>
  <testcase classname="javax.el.TestBeanELResolver" name="testInvoke04" time="0"/>
  <testcase classname="javax.el.TestBeanELResolver" name="testInvoke05" time="0"/>
  <testcase classname="javax.el.TestBeanELResolver" name="testInvoke06" time="0.001"/>
  <testcase classname="javax.el.TestBeanELResolver" name="testGetType01" time="0"/>
  <testcase classname="javax.el.TestBeanELResolver" name="testGetType02" time="0"/>
  <testcase classname="javax.el.TestBeanELResolver" name="testGetType03" time="0"/>
  <testcase classname="javax.el.TestBeanELResolver" name="testGetType04" time="0"/>
  <testcase classname="javax.el.TestBeanELResolver" name="testGetType05" time="0.001"/>
  <testcase classname="javax.el.TestBeanELResolver" name="testInvokeVarargsCoerce01" time="0"/>
  <testcase classname="javax.el.TestBeanELResolver" name="testInvokeVarargsCoerce02" time="0"/>
  <testcase classname="javax.el.TestBeanELResolver" name="testInvokeVarargsCoerce03" time="0"/>
  <testcase classname="javax.el.TestBeanELResolver" name="testInvokeVarargsCoerce04" time="0"/>
  <testcase classname="javax.el.TestBeanELResolver" name="testInvokeVarargsCoerce05" time="0.001"/>
  <testcase classname="javax.el.TestBeanELResolver" name="testInvokeVarargsCoerce06" time="0"/>
  <testcase classname="javax.el.TestBeanELResolver" name="testInvokeVarargsCoerce07" time="0"/>
  <testcase classname="javax.el.TestBeanELResolver" name="testInvokeVarargsCoerce08" time="0"/>
  <testcase classname="javax.el.TestBeanELResolver" name="testInvokeVarargsCoerce09" time="0"/>
  <testcase classname="javax.el.TestBeanELResolver" name="testInvokeVarargsCoerce10" time="0"/>
  <testcase classname="javax.el.TestBeanELResolver" name="testInvokeVarargsCoerce11" time="0"/>
  <testcase classname="javax.el.TestBeanELResolver" name="testInvokeVarargsCoerce12" time="0.001"/>
  <testcase classname="javax.el.TestBeanELResolver" name="testInvokeVarargsCoerce13" time="0"/>
  <testcase classname="javax.el.TestBeanELResolver" name="testInvokeVarargsCoerce14" time="0"/>
  <testcase classname="javax.el.TestBeanELResolver" name="testInvokeVarargsCoerce15" time="0"/>
  <testcase classname="javax.el.TestBeanELResolver" name="testInvokeVarargsCoerce16" time="0.001"/>
  <testcase classname="javax.el.TestBeanELResolver" name="testInvokeVarargsCoerce17" time="0"/>
  <testcase classname="javax.el.TestBeanELResolver" name="testInvokeVarargsCoerce18" time="0"/>
  <testcase classname="javax.el.TestBeanELResolver" name="testInvokeVarargsCoerce19" time="0.001"/>
  <testcase classname="javax.el.TestBeanELResolver" name="testInvokeVarargsCoerce20" time="0"/>
  <testcase classname="javax.el.TestBeanELResolver" name="testInvokeVarargsCoerce21" time="0"/>
</testsuite>